[debug] [2020-07-03T18:47:45.923Z] ----------------------------------------------------------------------
[debug] [2020-07-03T18:47:45.926Z] Command:       C:\Program Files\nodejs\node.exe C:\Users\josep\AppData\Roaming\npm\node_modules\firebase-tools\lib\bin\firebase.js serve
[debug] [2020-07-03T18:47:45.927Z] CLI Version:   8.4.3
[debug] [2020-07-03T18:47:45.927Z] Platform:      win32
[debug] [2020-07-03T18:47:45.927Z] Node Version:  v10.16.2
[debug] [2020-07-03T18:47:45.929Z] Time:          Fri Jul 03 2020 20:47:45 GMT+0200 (Eastern European Standard Time)
[debug] [2020-07-03T18:47:45.929Z] ----------------------------------------------------------------------
[debug] [2020-07-03T18:47:45.929Z] 
[debug] [2020-07-03T18:47:46.006Z] > command requires scopes: ["email","openid","https://www.googleapis.com/auth/cloudplatformprojects.readonly","https://www.googleapis.com/auth/firebase","https://www.googleapis.com/auth/cloud-platform"]
[debug] [2020-07-03T18:47:46.007Z] > authorizing via signed-in user
[debug] [2020-07-03T18:47:46.008Z] [iam] checking project webscraper-270ff for permissions ["firebase.projects.get"]
[debug] [2020-07-03T18:47:46.012Z] > refreshing access token with scopes: ["email","https://www.googleapis.com/auth/cloud-platform","https://www.googleapis.com/auth/cloudplatformprojects.readonly","https://www.googleapis.com/auth/firebase","openid"]
[debug] [2020-07-03T18:47:46.012Z] >>> HTTP REQUEST POST https://www.googleapis.com/oauth2/v3/token  
 <request body omitted>
[debug] [2020-07-03T18:47:46.305Z] <<< HTTP RESPONSE 200 {"content-type":"application/json; charset=utf-8","vary":"X-Origin, Referer, Origin,Accept-Encoding","date":"Fri, 03 Jul 2020 18:47:47 GMT","server":"scaffolding on HTTPServer2","cache-control":"private","x-xss-protection":"0","x-frame-options":"SAMEORIGIN","x-content-type-options":"nosniff","alt-svc":"h3-29=\":443\"; ma=2592000,h3-27=\":443\"; ma=2592000,h3-25=\":443\"; ma=2592000,h3-T050=\":443\"; ma=2592000,h3-Q050=\":443\"; ma=2592000,h3-Q046=\":443\"; ma=2592000,h3-Q043=\":443\"; ma=2592000,quic=\":443\"; ma=2592000; v=\"46,43\"","accept-ranges":"none","transfer-encoding":"chunked"}
[debug] [2020-07-03T18:47:46.347Z] >>> HTTP REQUEST POST https://cloudresourcemanager.googleapis.com/v1/projects/webscraper-270ff:testIamPermissions  
 {"permissions":["firebase.projects.get"]}
[debug] [2020-07-03T18:47:47.257Z] <<< HTTP RESPONSE 200 {"content-type":"application/json; charset=UTF-8","vary":"X-Origin, Referer, Origin,Accept-Encoding","date":"Fri, 03 Jul 2020 18:47:47 GMT","server":"ESF","cache-control":"private","x-xss-protection":"0","x-frame-options":"SAMEORIGIN","x-content-type-options":"nosniff","server-timing":"gfet4t7; dur=633","alt-svc":"h3-29=\":443\"; ma=2592000,h3-27=\":443\"; ma=2592000,h3-25=\":443\"; ma=2592000,h3-T050=\":443\"; ma=2592000,h3-Q050=\":443\"; ma=2592000,h3-Q046=\":443\"; ma=2592000,h3-Q043=\":443\"; ma=2592000,quic=\":443\"; ma=2592000; v=\"46,43\"","accept-ranges":"none","transfer-encoding":"chunked"}
[debug] [2020-07-03T18:47:47.258Z] >>> HTTP REQUEST GET https://firebase.googleapis.com/v1beta1/projects/webscraper-270ff  
 
[debug] [2020-07-03T18:47:47.704Z] <<< HTTP RESPONSE 200 {"content-type":"application/json; charset=UTF-8","vary":"X-Origin, Referer, Origin,Accept-Encoding","date":"Fri, 03 Jul 2020 18:47:48 GMT","server":"ESF","cache-control":"private","x-xss-protection":"0","x-frame-options":"SAMEORIGIN","x-content-type-options":"nosniff","alt-svc":"h3-29=\":443\"; ma=2592000,h3-27=\":443\"; ma=2592000,h3-25=\":443\"; ma=2592000,h3-T050=\":443\"; ma=2592000,h3-Q050=\":443\"; ma=2592000,h3-Q046=\":443\"; ma=2592000,h3-Q043=\":443\"; ma=2592000,quic=\":443\"; ma=2592000; v=\"46,43\"","accept-ranges":"none","transfer-encoding":"chunked"}
[info] 
[info] === Serving from 'F:\documents\webscraper'...
[info] 
[warn] !  Your requested "node" version "8" doesn't match your global version "10" {"metadata":{"emulator":{"name":"functions"},"message":"Your requested \"node\" version \"8\" doesn't match your global version \"10\""}}
[info] i  functions: Watching "F:\documents\webscraper\functions" for Cloud Functions... {"metadata":{"emulator":{"name":"functions"},"message":"Watching \"F:\\documents\\webscraper\\functions\" for Cloud Functions..."}}
[debug] [2020-07-03T18:47:49.836Z] [worker-pool] addWorker(~diagnostic~) {"metadata":{"emulator":{"name":"functions"},"message":"[worker-pool] addWorker(~diagnostic~)"}}
[debug] [2020-07-03T18:47:49.837Z] [worker-pool] Adding worker with key ~diagnostic~, total=1 {"metadata":{"emulator":{"name":"functions"},"message":"[worker-pool] Adding worker with key ~diagnostic~, total=1"}}
[debug] [2020-07-03T18:47:49.837Z] [worker-pool] submitWork(triggerId=) {"metadata":{"emulator":{"name":"functions"},"message":"[worker-pool] submitWork(triggerId=)"}}
[debug] [2020-07-03T18:47:49.838Z] [worker-~diagnostic~-9e4991be-7823-48c5-a6de-195acba53c0d]: Assigning socketPath: \\?\pipe\F:\documents\webscraper\functions\6008 {"metadata":{"emulator":{"name":"functions"},"message":"[worker-~diagnostic~-9e4991be-7823-48c5-a6de-195acba53c0d]: Assigning socketPath: \\\\?\\pipe\\F:\\documents\\webscraper\\functions\\6008"}}
[debug] [2020-07-03T18:47:49.839Z] [worker-~diagnostic~-9e4991be-7823-48c5-a6de-195acba53c0d]: BUSY {"metadata":{"emulator":{"name":"functions"},"message":"[worker-~diagnostic~-9e4991be-7823-48c5-a6de-195acba53c0d]: BUSY"}}
[debug] [2020-07-03T18:47:50.687Z] [runtime-status] [6008] Functions runtime initialized. {"cwd":"F:\\documents\\webscraper\\functions","node_version":"10.16.2"} {"metadata":{"emulator":{"name":"functions"},"message":"[runtime-status] [6008] Functions runtime initialized. {\"cwd\":\"F:\\\\documents\\\\webscraper\\\\functions\",\"node_version\":\"10.16.2\"}"}}
[debug] [2020-07-03T18:47:50.689Z] [runtime-status] [6008] Disabled runtime features: undefined {"metadata":{"emulator":{"name":"functions"},"message":"[runtime-status] [6008] Disabled runtime features: undefined"}}
[debug] [2020-07-03T18:47:50.740Z] [runtime-status] [6008] Resolved module firebase-admin {"declared":true,"installed":true,"version":"8.13.0","resolution":"F:\\documents\\webscraper\\functions\\node_modules\\firebase-admin\\lib\\index.js"} {"metadata":{"emulator":{"name":"functions"},"message":"[runtime-status] [6008] Resolved module firebase-admin {\"declared\":true,\"installed\":true,\"version\":\"8.13.0\",\"resolution\":\"F:\\\\documents\\\\webscraper\\\\functions\\\\node_modules\\\\firebase-admin\\\\lib\\\\index.js\"}"}}
[debug] [2020-07-03T18:47:50.779Z] [runtime-status] [6008] Resolved module firebase-functions {"declared":true,"installed":true,"version":"3.7.0","resolution":"F:\\documents\\webscraper\\functions\\node_modules\\firebase-functions\\lib\\index.js"} {"metadata":{"emulator":{"name":"functions"},"message":"[runtime-status] [6008] Resolved module firebase-functions {\"declared\":true,\"installed\":true,\"version\":\"3.7.0\",\"resolution\":\"F:\\\\documents\\\\webscraper\\\\functions\\\\node_modules\\\\firebase-functions\\\\lib\\\\index.js\"}"}}
[warn] !  functions: Your GOOGLE_APPLICATION_CREDENTIALS environment variable points to F:\documents\webscraper\webscraper-270ff-firebase-adminsdk-7ibtc-0070e4fd97.json. Non-emulated services will access production using these credentials. Be careful! {"metadata":{"emulator":{"name":"functions"},"message":"Your GOOGLE_APPLICATION_CREDENTIALS environment variable points to F:\\documents\\webscraper\\webscraper-270ff-firebase-adminsdk-7ibtc-0070e4fd97.json. Non-emulated services will access production using these credentials. Be careful!"}}
[debug] [2020-07-03T18:47:50.789Z] [runtime-status] [6008] Outgoing network have been stubbed. [{"name":"http","status":"mocked"},{"name":"http","status":"mocked"},{"name":"https","status":"mocked"},{"name":"https","status":"mocked"},{"name":"net","status":"mocked"}] {"metadata":{"emulator":{"name":"functions"},"message":"[runtime-status] [6008] Outgoing network have been stubbed. [{\"name\":\"http\",\"status\":\"mocked\"},{\"name\":\"http\",\"status\":\"mocked\"},{\"name\":\"https\",\"status\":\"mocked\"},{\"name\":\"https\",\"status\":\"mocked\"},{\"name\":\"net\",\"status\":\"mocked\"}]"}}
[debug] [2020-07-03T18:47:50.790Z] [runtime-status] [6008] Resolved module firebase-functions {"declared":true,"installed":true,"version":"3.7.0","resolution":"F:\\documents\\webscraper\\functions\\node_modules\\firebase-functions\\lib\\index.js"} {"metadata":{"emulator":{"name":"functions"},"message":"[runtime-status] [6008] Resolved module firebase-functions {\"declared\":true,\"installed\":true,\"version\":\"3.7.0\",\"resolution\":\"F:\\\\documents\\\\webscraper\\\\functions\\\\node_modules\\\\firebase-functions\\\\lib\\\\index.js\"}"}}
[debug] [2020-07-03T18:47:51.696Z] [runtime-status] [6008] Checked functions.config() {"config":{}} {"metadata":{"emulator":{"name":"functions"},"message":"[runtime-status] [6008] Checked functions.config() {\"config\":{}}"}}
[debug] [2020-07-03T18:47:51.697Z] [runtime-status] [6008] firebase-functions has been stubbed. {"functionsResolution":{"declared":true,"installed":true,"version":"3.7.0","resolution":"F:\\documents\\webscraper\\functions\\node_modules\\firebase-functions\\lib\\index.js"}} {"metadata":{"emulator":{"name":"functions"},"message":"[runtime-status] [6008] firebase-functions has been stubbed. {\"functionsResolution\":{\"declared\":true,\"installed\":true,\"version\":\"3.7.0\",\"resolution\":\"F:\\\\documents\\\\webscraper\\\\functions\\\\node_modules\\\\firebase-functions\\\\lib\\\\index.js\"}}"}}
[debug] [2020-07-03T18:47:51.698Z] [runtime-status] [6008] Resolved module firebase-functions {"declared":true,"installed":true,"version":"3.7.0","resolution":"F:\\documents\\webscraper\\functions\\node_modules\\firebase-functions\\lib\\index.js"} {"metadata":{"emulator":{"name":"functions"},"message":"[runtime-status] [6008] Resolved module firebase-functions {\"declared\":true,\"installed\":true,\"version\":\"3.7.0\",\"resolution\":\"F:\\\\documents\\\\webscraper\\\\functions\\\\node_modules\\\\firebase-functions\\\\lib\\\\index.js\"}"}}
[debug] [2020-07-03T18:47:51.700Z] [runtime-status] [6008] Resolved module firebase-admin {"declared":true,"installed":true,"version":"8.13.0","resolution":"F:\\documents\\webscraper\\functions\\node_modules\\firebase-admin\\lib\\index.js"} {"metadata":{"emulator":{"name":"functions"},"message":"[runtime-status] [6008] Resolved module firebase-admin {\"declared\":true,\"installed\":true,\"version\":\"8.13.0\",\"resolution\":\"F:\\\\documents\\\\webscraper\\\\functions\\\\node_modules\\\\firebase-admin\\\\lib\\\\index.js\"}"}}
[debug] [2020-07-03T18:47:51.700Z] [runtime-status] [6008] Resolved module firebase-functions {"declared":true,"installed":true,"version":"3.7.0","resolution":"F:\\documents\\webscraper\\functions\\node_modules\\firebase-functions\\lib\\index.js"} {"metadata":{"emulator":{"name":"functions"},"message":"[runtime-status] [6008] Resolved module firebase-functions {\"declared\":true,\"installed\":true,\"version\":\"3.7.0\",\"resolution\":\"F:\\\\documents\\\\webscraper\\\\functions\\\\node_modules\\\\firebase-functions\\\\lib\\\\index.js\"}"}}
[debug] [2020-07-03T18:47:51.701Z] [runtime-status] [6008] firebase-admin has been stubbed. {"adminResolution":{"declared":true,"installed":true,"version":"8.13.0","resolution":"F:\\documents\\webscraper\\functions\\node_modules\\firebase-admin\\lib\\index.js"}} {"metadata":{"emulator":{"name":"functions"},"message":"[runtime-status] [6008] firebase-admin has been stubbed. {\"adminResolution\":{\"declared\":true,\"installed\":true,\"version\":\"8.13.0\",\"resolution\":\"F:\\\\documents\\\\webscraper\\\\functions\\\\node_modules\\\\firebase-admin\\\\lib\\\\index.js\"}}"}}
[debug] [2020-07-03T18:47:54.793Z] [runtime-status] [6008] initializeApp(DEFAULT) {"databaseURL":"https://webscraper-270ff.firebaseio.com","storageBucket":"webscraper-270ff.appspot.com","projectId":"webscraper-270ff"} {"metadata":{"emulator":{"name":"functions"},"message":"[runtime-status] [6008] initializeApp(DEFAULT) {\"databaseURL\":\"https://webscraper-270ff.firebaseio.com\",\"storageBucket\":\"webscraper-270ff.appspot.com\",\"projectId\":\"webscraper-270ff\"}"}}
[warn] !  functions: The Cloud Firestore emulator is not running, so calls to Firestore will affect production. {"metadata":{"emulator":{"name":"functions"},"message":"The Cloud Firestore emulator is not running, so calls to Firestore will affect production."}}
[debug] [2020-07-03T18:47:59.138Z] [work-queue] {"queueLength":1,"workRunningCount":0}
[debug] [2020-07-03T18:47:59.139Z] [work-queue] {"queueLength":0,"workRunningCount":1}
[debug] [2020-07-03T18:47:59.142Z] FirebaseError: No trigger with name api {"metadata":{"emulator":{"name":"functions"},"message":{"name":"FirebaseError","children":[],"exit":1,"message":"No trigger with name api","status":500}}}
[debug] [2020-07-03T18:47:59.142Z] [work-queue] {"queueLength":0,"workRunningCount":0}
[info] +  functions[api]: http function initialized (http://localhost:5000/webscraper-270ff/us-central1/api). {"metadata":{"emulator":{"name":"functions"},"message":"\u001b[1mhttp\u001b[22m function initialized (http://localhost:5000/webscraper-270ff/us-central1/api)."}}
[debug] [2020-07-03T18:48:06.110Z] [worker-~diagnostic~-9e4991be-7823-48c5-a6de-195acba53c0d]: IDLE {"metadata":{"emulator":{"name":"functions"},"message":"[worker-~diagnostic~-9e4991be-7823-48c5-a6de-195acba53c0d]: IDLE"}}
[debug] [2020-07-03T18:48:45.131Z] [work-queue] {"queueLength":1,"workRunningCount":0}
[debug] [2020-07-03T18:48:45.131Z] [work-queue] {"queueLength":0,"workRunningCount":1}
[debug] [2020-07-03T18:48:45.131Z] Accepted request POST /webscraper-270ff/us-central1/api/signup --> api
[debug] [2020-07-03T18:48:45.149Z] [worker-pool] addWorker(api) {"metadata":{"emulator":{"name":"functions"},"message":"[worker-pool] addWorker(api)"}}
[debug] [2020-07-03T18:48:45.150Z] [worker-pool] Adding worker with key api, total=1 {"metadata":{"emulator":{"name":"functions"},"message":"[worker-pool] Adding worker with key api, total=1"}}
[debug] [2020-07-03T18:48:45.153Z] [worker-pool] submitWork(triggerId=api) {"metadata":{"emulator":{"name":"functions"},"message":"[worker-pool] submitWork(triggerId=api)"}}
[debug] [2020-07-03T18:48:45.155Z] [worker-api-ea22493d-abd4-47c3-9954-7151a920e1e3]: Assigning socketPath: \\?\pipe\F:\documents\webscraper\functions\14096 {"metadata":{"emulator":{"name":"functions"},"message":"[worker-api-ea22493d-abd4-47c3-9954-7151a920e1e3]: Assigning socketPath: \\\\?\\pipe\\F:\\documents\\webscraper\\functions\\14096"}}
[debug] [2020-07-03T18:48:45.155Z] [worker-api-ea22493d-abd4-47c3-9954-7151a920e1e3]: BUSY {"metadata":{"emulator":{"name":"functions"},"message":"[worker-api-ea22493d-abd4-47c3-9954-7151a920e1e3]: BUSY"}}
[debug] [2020-07-03T18:48:46.628Z] [runtime-status] [14096] Functions runtime initialized. {"cwd":"F:\\documents\\webscraper\\functions","node_version":"10.16.2"} {"metadata":{"emulator":{"name":"functions"},"function":{"name":"api"},"message":"[runtime-status] [14096] Functions runtime initialized. {\"cwd\":\"F:\\\\documents\\\\webscraper\\\\functions\",\"node_version\":\"10.16.2\"}"}}
[debug] [2020-07-03T18:48:46.632Z] [runtime-status] [14096] Disabled runtime features: undefined {"metadata":{"emulator":{"name":"functions"},"function":{"name":"api"},"message":"[runtime-status] [14096] Disabled runtime features: undefined"}}
[debug] [2020-07-03T18:48:46.645Z] [runtime-status] [14096] Resolved module firebase-admin {"declared":true,"installed":true,"version":"8.13.0","resolution":"F:\\documents\\webscraper\\functions\\node_modules\\firebase-admin\\lib\\index.js"} {"metadata":{"emulator":{"name":"functions"},"function":{"name":"api"},"message":"[runtime-status] [14096] Resolved module firebase-admin {\"declared\":true,\"installed\":true,\"version\":\"8.13.0\",\"resolution\":\"F:\\\\documents\\\\webscraper\\\\functions\\\\node_modules\\\\firebase-admin\\\\lib\\\\index.js\"}"}}
[debug] [2020-07-03T18:48:46.648Z] [runtime-status] [14096] Resolved module firebase-functions {"declared":true,"installed":true,"version":"3.7.0","resolution":"F:\\documents\\webscraper\\functions\\node_modules\\firebase-functions\\lib\\index.js"} {"metadata":{"emulator":{"name":"functions"},"function":{"name":"api"},"message":"[runtime-status] [14096] Resolved module firebase-functions {\"declared\":true,\"installed\":true,\"version\":\"3.7.0\",\"resolution\":\"F:\\\\documents\\\\webscraper\\\\functions\\\\node_modules\\\\firebase-functions\\\\lib\\\\index.js\"}"}}
[warn] !  functions: Your GOOGLE_APPLICATION_CREDENTIALS environment variable points to F:\documents\webscraper\webscraper-270ff-firebase-adminsdk-7ibtc-0070e4fd97.json. Non-emulated services will access production using these credentials. Be careful! {"metadata":{"emulator":{"name":"functions"},"function":{"name":"api"},"message":"Your GOOGLE_APPLICATION_CREDENTIALS environment variable points to F:\\documents\\webscraper\\webscraper-270ff-firebase-adminsdk-7ibtc-0070e4fd97.json. Non-emulated services will access production using these credentials. Be careful!"}}
[debug] [2020-07-03T18:48:46.673Z] [runtime-status] [14096] Outgoing network have been stubbed. [{"name":"http","status":"mocked"},{"name":"http","status":"mocked"},{"name":"https","status":"mocked"},{"name":"https","status":"mocked"},{"name":"net","status":"mocked"}] {"metadata":{"emulator":{"name":"functions"},"function":{"name":"api"},"message":"[runtime-status] [14096] Outgoing network have been stubbed. [{\"name\":\"http\",\"status\":\"mocked\"},{\"name\":\"http\",\"status\":\"mocked\"},{\"name\":\"https\",\"status\":\"mocked\"},{\"name\":\"https\",\"status\":\"mocked\"},{\"name\":\"net\",\"status\":\"mocked\"}]"}}
[debug] [2020-07-03T18:48:46.675Z] [runtime-status] [14096] Resolved module firebase-functions {"declared":true,"installed":true,"version":"3.7.0","resolution":"F:\\documents\\webscraper\\functions\\node_modules\\firebase-functions\\lib\\index.js"} {"metadata":{"emulator":{"name":"functions"},"function":{"name":"api"},"message":"[runtime-status] [14096] Resolved module firebase-functions {\"declared\":true,\"installed\":true,\"version\":\"3.7.0\",\"resolution\":\"F:\\\\documents\\\\webscraper\\\\functions\\\\node_modules\\\\firebase-functions\\\\lib\\\\index.js\"}"}}
[debug] [2020-07-03T18:48:46.791Z] [runtime-status] [14096] Checked functions.config() {"config":{}} {"metadata":{"emulator":{"name":"functions"},"function":{"name":"api"},"message":"[runtime-status] [14096] Checked functions.config() {\"config\":{}}"}}
[debug] [2020-07-03T18:48:46.792Z] [runtime-status] [14096] firebase-functions has been stubbed. {"functionsResolution":{"declared":true,"installed":true,"version":"3.7.0","resolution":"F:\\documents\\webscraper\\functions\\node_modules\\firebase-functions\\lib\\index.js"}} {"metadata":{"emulator":{"name":"functions"},"function":{"name":"api"},"message":"[runtime-status] [14096] firebase-functions has been stubbed. {\"functionsResolution\":{\"declared\":true,\"installed\":true,\"version\":\"3.7.0\",\"resolution\":\"F:\\\\documents\\\\webscraper\\\\functions\\\\node_modules\\\\firebase-functions\\\\lib\\\\index.js\"}}"}}
[debug] [2020-07-03T18:48:46.792Z] [runtime-status] [14096] Resolved module firebase-functions {"declared":true,"installed":true,"version":"3.7.0","resolution":"F:\\documents\\webscraper\\functions\\node_modules\\firebase-functions\\lib\\index.js"} {"metadata":{"emulator":{"name":"functions"},"function":{"name":"api"},"message":"[runtime-status] [14096] Resolved module firebase-functions {\"declared\":true,\"installed\":true,\"version\":\"3.7.0\",\"resolution\":\"F:\\\\documents\\\\webscraper\\\\functions\\\\node_modules\\\\firebase-functions\\\\lib\\\\index.js\"}"}}
[debug] [2020-07-03T18:48:46.794Z] [runtime-status] [14096] Resolved module firebase-admin {"declared":true,"installed":true,"version":"8.13.0","resolution":"F:\\documents\\webscraper\\functions\\node_modules\\firebase-admin\\lib\\index.js"} {"metadata":{"emulator":{"name":"functions"},"function":{"name":"api"},"message":"[runtime-status] [14096] Resolved module firebase-admin {\"declared\":true,\"installed\":true,\"version\":\"8.13.0\",\"resolution\":\"F:\\\\documents\\\\webscraper\\\\functions\\\\node_modules\\\\firebase-admin\\\\lib\\\\index.js\"}"}}
[debug] [2020-07-03T18:48:46.795Z] [runtime-status] [14096] Resolved module firebase-functions {"declared":true,"installed":true,"version":"3.7.0","resolution":"F:\\documents\\webscraper\\functions\\node_modules\\firebase-functions\\lib\\index.js"} {"metadata":{"emulator":{"name":"functions"},"function":{"name":"api"},"message":"[runtime-status] [14096] Resolved module firebase-functions {\"declared\":true,\"installed\":true,\"version\":\"3.7.0\",\"resolution\":\"F:\\\\documents\\\\webscraper\\\\functions\\\\node_modules\\\\firebase-functions\\\\lib\\\\index.js\"}"}}
[debug] [2020-07-03T18:48:46.795Z] [runtime-status] [14096] firebase-admin has been stubbed. {"adminResolution":{"declared":true,"installed":true,"version":"8.13.0","resolution":"F:\\documents\\webscraper\\functions\\node_modules\\firebase-admin\\lib\\index.js"}} {"metadata":{"emulator":{"name":"functions"},"function":{"name":"api"},"message":"[runtime-status] [14096] firebase-admin has been stubbed. {\"adminResolution\":{\"declared\":true,\"installed\":true,\"version\":\"8.13.0\",\"resolution\":\"F:\\\\documents\\\\webscraper\\\\functions\\\\node_modules\\\\firebase-admin\\\\lib\\\\index.js\"}}"}}
[debug] [2020-07-03T18:48:47.177Z] [runtime-status] [14096] initializeApp(DEFAULT) {"databaseURL":"https://webscraper-270ff.firebaseio.com","storageBucket":"webscraper-270ff.appspot.com","projectId":"webscraper-270ff"} {"metadata":{"emulator":{"name":"functions"},"function":{"name":"api"},"message":"[runtime-status] [14096] initializeApp(DEFAULT) {\"databaseURL\":\"https://webscraper-270ff.firebaseio.com\",\"storageBucket\":\"webscraper-270ff.appspot.com\",\"projectId\":\"webscraper-270ff\"}"}}
[warn] !  functions: The Cloud Firestore emulator is not running, so calls to Firestore will affect production. {"metadata":{"emulator":{"name":"functions"},"function":{"name":"api"},"message":"The Cloud Firestore emulator is not running, so calls to Firestore will affect production."}}
[debug] [2020-07-03T18:48:48.663Z] [runtime-status] [14096] Trigger "api" has been found, beginning invocation! {"metadata":{"emulator":{"name":"functions"},"function":{"name":"api"},"message":"[runtime-status] [14096] Trigger \"api\" has been found, beginning invocation!"}}
[info] i  functions: Beginning execution of "api" {"metadata":{"emulator":{"name":"functions"},"function":{"name":"api"},"message":"Beginning execution of \"api\""}}
[debug] [2020-07-03T18:48:48.671Z] [runtime-status] [14096] triggerDefinition {"httpsTrigger":{},"name":"api","entryPoint":"api"} {"metadata":{"emulator":{"name":"functions"},"function":{"name":"api"},"message":"[runtime-status] [14096] triggerDefinition {\"httpsTrigger\":{},\"name\":\"api\",\"entryPoint\":\"api\"}"}}
[debug] [2020-07-03T18:48:48.672Z] [runtime-status] [14096] Running api in mode HTTPS {"metadata":{"emulator":{"name":"functions"},"function":{"name":"api"},"message":"[runtime-status] [14096] Running api in mode HTTPS"}}
[debug] [2020-07-03T18:48:48.689Z] [runtime-status] [14096] Attempting to listen to socketPath: \\?\pipe\F:\documents\webscraper\functions\14096 {"metadata":{"emulator":{"name":"functions"},"function":{"name":"api"},"message":"[runtime-status] [14096] Attempting to listen to socketPath: \\\\?\\pipe\\F:\\documents\\webscraper\\functions\\14096"}}
[debug] [2020-07-03T18:48:48.697Z] [functions] Runtime ready! Sending request! {"metadata":{"emulator":{"name":"functions"},"message":"[functions] Runtime ready! Sending request!"}}
[debug] [2020-07-03T18:48:48.955Z] [runtime-status] [14096] Ephemeral server handling POST request {"metadata":{"emulator":{"name":"functions"},"function":{"name":"api"},"message":"[runtime-status] [14096] Ephemeral server handling POST request"}}
[debug] [2020-07-03T18:48:48.964Z] [runtime-status] [14096] Ephemeral server survived. {"metadata":{"emulator":{"name":"functions"},"function":{"name":"api"},"message":"[runtime-status] [14096] Ephemeral server survived."}}
[warn] !  Google API requested!
   - URL: "https://www.googleapis.com/oauth2/v4/token"
   - Be careful, this may be a production service. {"metadata":{"emulator":{"name":"functions"},"function":{"name":"api"},"message":"Google API requested!\n   - URL: \"https://www.googleapis.com/oauth2/v4/token\"\n   - Be careful, this may be a production service."}}
[info] >  { [Error: The email address is already in use by another account.] {"user":"{ [Error: The email address is already in use by another account.]","metadata":{"emulator":{"name":"functions"},"function":{"name":"api"},"message":"\u001b[90m> \u001b[39m { [Error: The email address is already in use by another account.]"}}
[info] >    code: 'auth/email-already-in-use', {"user":"  code: 'auth/email-already-in-use',","metadata":{"emulator":{"name":"functions"},"function":{"name":"api"},"message":"\u001b[90m> \u001b[39m   code: 'auth/email-already-in-use',"}}
[info] >    message: 'The email address is already in use by another account.', {"user":"  message: 'The email address is already in use by another account.',","metadata":{"emulator":{"name":"functions"},"function":{"name":"api"},"message":"\u001b[90m> \u001b[39m   message: 'The email address is already in use by another account.',"}}
[info] >    a: null } {"user":"  a: null }","metadata":{"emulator":{"name":"functions"},"function":{"name":"api"},"message":"\u001b[90m> \u001b[39m   a: null }"}}
[info] i  functions: Finished "api" in ~1s {"metadata":{"emulator":{"name":"functions"},"function":{"name":"api"},"message":"Finished \"api\" in ~1s"}}
[debug] [2020-07-03T18:48:50.557Z] [worker-api-ea22493d-abd4-47c3-9954-7151a920e1e3]: IDLE {"metadata":{"emulator":{"name":"functions"},"message":"[worker-api-ea22493d-abd4-47c3-9954-7151a920e1e3]: IDLE"}}
[debug] [2020-07-03T18:48:50.558Z] [work-queue] {"queueLength":0,"workRunningCount":0}
[debug] [2020-07-03T18:49:01.494Z] [work-queue] {"queueLength":1,"workRunningCount":0}
[debug] [2020-07-03T18:49:01.495Z] [work-queue] {"queueLength":0,"workRunningCount":1}
[debug] [2020-07-03T18:49:01.495Z] Accepted request POST /webscraper-270ff/us-central1/api/login --> api
[debug] [2020-07-03T18:49:01.495Z] [worker-pool] submitWork(triggerId=api) {"metadata":{"emulator":{"name":"functions"},"message":"[worker-pool] submitWork(triggerId=api)"}}
[debug] [2020-07-03T18:49:01.495Z] [worker-api-ea22493d-abd4-47c3-9954-7151a920e1e3]: Assigning socketPath: \\?\pipe\F:\documents\webscraper\functions\14096 {"metadata":{"emulator":{"name":"functions"},"message":"[worker-api-ea22493d-abd4-47c3-9954-7151a920e1e3]: Assigning socketPath: \\\\?\\pipe\\F:\\documents\\webscraper\\functions\\14096"}}
[debug] [2020-07-03T18:49:01.496Z] [worker-api-ea22493d-abd4-47c3-9954-7151a920e1e3]: BUSY {"metadata":{"emulator":{"name":"functions"},"message":"[worker-api-ea22493d-abd4-47c3-9954-7151a920e1e3]: BUSY"}}
[debug] [2020-07-03T18:49:01.496Z] [runtime-status] [14096] Trigger "api" has been found, beginning invocation! {"metadata":{"emulator":{"name":"functions"},"function":{"name":"api"},"message":"[runtime-status] [14096] Trigger \"api\" has been found, beginning invocation!"}}
[info] i  functions: Beginning execution of "api" {"metadata":{"emulator":{"name":"functions"},"function":{"name":"api"},"message":"Beginning execution of \"api\""}}
[debug] [2020-07-03T18:49:01.502Z] [runtime-status] [14096] triggerDefinition {"httpsTrigger":{},"name":"api","entryPoint":"api"} {"metadata":{"emulator":{"name":"functions"},"function":{"name":"api"},"message":"[runtime-status] [14096] triggerDefinition {\"httpsTrigger\":{},\"name\":\"api\",\"entryPoint\":\"api\"}"}}
[debug] [2020-07-03T18:49:01.503Z] [runtime-status] [14096] Running api in mode HTTPS {"metadata":{"emulator":{"name":"functions"},"function":{"name":"api"},"message":"[runtime-status] [14096] Running api in mode HTTPS"}}
[debug] [2020-07-03T18:49:01.503Z] [runtime-status] [14096] Attempting to listen to socketPath: \\?\pipe\F:\documents\webscraper\functions\14096 {"metadata":{"emulator":{"name":"functions"},"function":{"name":"api"},"message":"[runtime-status] [14096] Attempting to listen to socketPath: \\\\?\\pipe\\F:\\documents\\webscraper\\functions\\14096"}}
[debug] [2020-07-03T18:49:01.504Z] [functions] Runtime ready! Sending request! {"metadata":{"emulator":{"name":"functions"},"message":"[functions] Runtime ready! Sending request!"}}
[debug] [2020-07-03T18:49:01.508Z] [runtime-status] [14096] Ephemeral server handling POST request {"metadata":{"emulator":{"name":"functions"},"function":{"name":"api"},"message":"[runtime-status] [14096] Ephemeral server handling POST request"}}
[debug] [2020-07-03T18:49:01.510Z] [runtime-status] [14096] Ephemeral server survived. {"metadata":{"emulator":{"name":"functions"},"function":{"name":"api"},"message":"[runtime-status] [14096] Ephemeral server survived."}}
[info] i  functions: Finished "api" in ~1s {"metadata":{"emulator":{"name":"functions"},"function":{"name":"api"},"message":"Finished \"api\" in ~1s"}}
[debug] [2020-07-03T18:49:02.318Z] [worker-api-ea22493d-abd4-47c3-9954-7151a920e1e3]: IDLE {"metadata":{"emulator":{"name":"functions"},"message":"[worker-api-ea22493d-abd4-47c3-9954-7151a920e1e3]: IDLE"}}
[debug] [2020-07-03T18:49:02.318Z] [work-queue] {"queueLength":0,"workRunningCount":0}
[debug] [2020-07-03T18:59:07.453Z] [work-queue] {"queueLength":1,"workRunningCount":0}
[debug] [2020-07-03T18:59:07.453Z] [work-queue] {"queueLength":0,"workRunningCount":1}
[debug] [2020-07-03T18:59:07.453Z] Accepted request POST /webscraper-270ff/us-central1/api/login --> api
[debug] [2020-07-03T18:59:07.454Z] [worker-pool] submitWork(triggerId=api) {"metadata":{"emulator":{"name":"functions"},"message":"[worker-pool] submitWork(triggerId=api)"}}
[debug] [2020-07-03T18:59:07.454Z] [worker-api-ea22493d-abd4-47c3-9954-7151a920e1e3]: Assigning socketPath: \\?\pipe\F:\documents\webscraper\functions\14096 {"metadata":{"emulator":{"name":"functions"},"message":"[worker-api-ea22493d-abd4-47c3-9954-7151a920e1e3]: Assigning socketPath: \\\\?\\pipe\\F:\\documents\\webscraper\\functions\\14096"}}
[debug] [2020-07-03T18:59:07.454Z] [worker-api-ea22493d-abd4-47c3-9954-7151a920e1e3]: BUSY {"metadata":{"emulator":{"name":"functions"},"message":"[worker-api-ea22493d-abd4-47c3-9954-7151a920e1e3]: BUSY"}}
[debug] [2020-07-03T18:59:07.455Z] [runtime-status] [14096] Trigger "api" has been found, beginning invocation! {"metadata":{"emulator":{"name":"functions"},"function":{"name":"api"},"message":"[runtime-status] [14096] Trigger \"api\" has been found, beginning invocation!"}}
[info] i  functions: Beginning execution of "api" {"metadata":{"emulator":{"name":"functions"},"function":{"name":"api"},"message":"Beginning execution of \"api\""}}
[debug] [2020-07-03T18:59:07.459Z] [runtime-status] [14096] triggerDefinition {"httpsTrigger":{},"name":"api","entryPoint":"api"} {"metadata":{"emulator":{"name":"functions"},"function":{"name":"api"},"message":"[runtime-status] [14096] triggerDefinition {\"httpsTrigger\":{},\"name\":\"api\",\"entryPoint\":\"api\"}"}}
[debug] [2020-07-03T18:59:07.459Z] [runtime-status] [14096] Running api in mode HTTPS {"metadata":{"emulator":{"name":"functions"},"function":{"name":"api"},"message":"[runtime-status] [14096] Running api in mode HTTPS"}}
[debug] [2020-07-03T18:59:07.459Z] [runtime-status] [14096] Attempting to listen to socketPath: \\?\pipe\F:\documents\webscraper\functions\14096 {"metadata":{"emulator":{"name":"functions"},"function":{"name":"api"},"message":"[runtime-status] [14096] Attempting to listen to socketPath: \\\\?\\pipe\\F:\\documents\\webscraper\\functions\\14096"}}
[debug] [2020-07-03T18:59:07.460Z] [functions] Runtime ready! Sending request! {"metadata":{"emulator":{"name":"functions"},"message":"[functions] Runtime ready! Sending request!"}}
[debug] [2020-07-03T18:59:07.462Z] [runtime-status] [14096] Ephemeral server handling POST request {"metadata":{"emulator":{"name":"functions"},"function":{"name":"api"},"message":"[runtime-status] [14096] Ephemeral server handling POST request"}}
[debug] [2020-07-03T18:59:07.465Z] [runtime-status] [14096] Ephemeral server survived. {"metadata":{"emulator":{"name":"functions"},"function":{"name":"api"},"message":"[runtime-status] [14096] Ephemeral server survived."}}
[info] >  { [Error: The password is invalid or the user does not have a password.] {"user":"{ [Error: The password is invalid or the user does not have a password.]","metadata":{"emulator":{"name":"functions"},"function":{"name":"api"},"message":"\u001b[90m> \u001b[39m { [Error: The password is invalid or the user does not have a password.]"}}
[info] >    code: 'auth/wrong-password', {"user":"  code: 'auth/wrong-password',","metadata":{"emulator":{"name":"functions"},"function":{"name":"api"},"message":"\u001b[90m> \u001b[39m   code: 'auth/wrong-password',"}}
[info] >    message: {"user":"  message:","metadata":{"emulator":{"name":"functions"},"function":{"name":"api"},"message":"\u001b[90m> \u001b[39m   message:"}}
[info] >     'The password is invalid or the user does not have a password.', {"user":"   'The password is invalid or the user does not have a password.',","metadata":{"emulator":{"name":"functions"},"function":{"name":"api"},"message":"\u001b[90m> \u001b[39m    'The password is invalid or the user does not have a password.',"}}
[info] >    a: null } {"user":"  a: null }","metadata":{"emulator":{"name":"functions"},"function":{"name":"api"},"message":"\u001b[90m> \u001b[39m   a: null }"}}
[info] i  functions: Finished "api" in ~1s {"metadata":{"emulator":{"name":"functions"},"function":{"name":"api"},"message":"Finished \"api\" in ~1s"}}
[debug] [2020-07-03T18:59:07.894Z] [worker-api-ea22493d-abd4-47c3-9954-7151a920e1e3]: IDLE {"metadata":{"emulator":{"name":"functions"},"message":"[worker-api-ea22493d-abd4-47c3-9954-7151a920e1e3]: IDLE"}}
[debug] [2020-07-03T18:59:07.895Z] [work-queue] {"queueLength":0,"workRunningCount":0}
[debug] [2020-07-03T19:00:19.301Z] [work-queue] {"queueLength":1,"workRunningCount":0}
[debug] [2020-07-03T19:00:19.301Z] [work-queue] {"queueLength":0,"workRunningCount":1}
[debug] [2020-07-03T19:00:19.301Z] Accepted request POST /webscraper-270ff/us-central1/api/signup --> api
[debug] [2020-07-03T19:00:19.301Z] [worker-pool] submitWork(triggerId=api) {"metadata":{"emulator":{"name":"functions"},"message":"[worker-pool] submitWork(triggerId=api)"}}
[debug] [2020-07-03T19:00:19.302Z] [worker-api-ea22493d-abd4-47c3-9954-7151a920e1e3]: Assigning socketPath: \\?\pipe\F:\documents\webscraper\functions\14096 {"metadata":{"emulator":{"name":"functions"},"message":"[worker-api-ea22493d-abd4-47c3-9954-7151a920e1e3]: Assigning socketPath: \\\\?\\pipe\\F:\\documents\\webscraper\\functions\\14096"}}
[debug] [2020-07-03T19:00:19.302Z] [worker-api-ea22493d-abd4-47c3-9954-7151a920e1e3]: BUSY {"metadata":{"emulator":{"name":"functions"},"message":"[worker-api-ea22493d-abd4-47c3-9954-7151a920e1e3]: BUSY"}}
[debug] [2020-07-03T19:00:19.303Z] [runtime-status] [14096] Trigger "api" has been found, beginning invocation! {"metadata":{"emulator":{"name":"functions"},"function":{"name":"api"},"message":"[runtime-status] [14096] Trigger \"api\" has been found, beginning invocation!"}}
[info] i  functions: Beginning execution of "api" {"metadata":{"emulator":{"name":"functions"},"function":{"name":"api"},"message":"Beginning execution of \"api\""}}
[debug] [2020-07-03T19:00:19.308Z] [runtime-status] [14096] triggerDefinition {"httpsTrigger":{},"name":"api","entryPoint":"api"} {"metadata":{"emulator":{"name":"functions"},"function":{"name":"api"},"message":"[runtime-status] [14096] triggerDefinition {\"httpsTrigger\":{},\"name\":\"api\",\"entryPoint\":\"api\"}"}}
[debug] [2020-07-03T19:00:19.308Z] [runtime-status] [14096] Running api in mode HTTPS {"metadata":{"emulator":{"name":"functions"},"function":{"name":"api"},"message":"[runtime-status] [14096] Running api in mode HTTPS"}}
[debug] [2020-07-03T19:00:19.309Z] [runtime-status] [14096] Attempting to listen to socketPath: \\?\pipe\F:\documents\webscraper\functions\14096 {"metadata":{"emulator":{"name":"functions"},"function":{"name":"api"},"message":"[runtime-status] [14096] Attempting to listen to socketPath: \\\\?\\pipe\\F:\\documents\\webscraper\\functions\\14096"}}
[debug] [2020-07-03T19:00:19.310Z] [functions] Runtime ready! Sending request! {"metadata":{"emulator":{"name":"functions"},"message":"[functions] Runtime ready! Sending request!"}}
[debug] [2020-07-03T19:00:19.312Z] [runtime-status] [14096] Ephemeral server handling POST request {"metadata":{"emulator":{"name":"functions"},"function":{"name":"api"},"message":"[runtime-status] [14096] Ephemeral server handling POST request"}}
[debug] [2020-07-03T19:00:19.314Z] [runtime-status] [14096] Ephemeral server survived. {"metadata":{"emulator":{"name":"functions"},"function":{"name":"api"},"message":"[runtime-status] [14096] Ephemeral server survived."}}
[info] i  functions: Finished "api" in ~1s {"metadata":{"emulator":{"name":"functions"},"function":{"name":"api"},"message":"Finished \"api\" in ~1s"}}
[debug] [2020-07-03T19:00:21.054Z] [worker-api-ea22493d-abd4-47c3-9954-7151a920e1e3]: IDLE {"metadata":{"emulator":{"name":"functions"},"message":"[worker-api-ea22493d-abd4-47c3-9954-7151a920e1e3]: IDLE"}}
[debug] [2020-07-03T19:00:21.055Z] [work-queue] {"queueLength":0,"workRunningCount":0}
[debug] [2020-07-03T19:00:49.238Z] [work-queue] {"queueLength":1,"workRunningCount":0}
[debug] [2020-07-03T19:00:49.238Z] [work-queue] {"queueLength":0,"workRunningCount":1}
[debug] [2020-07-03T19:00:49.238Z] Accepted request POST /webscraper-270ff/us-central1/api/login --> api
[debug] [2020-07-03T19:00:49.239Z] [worker-pool] submitWork(triggerId=api) {"metadata":{"emulator":{"name":"functions"},"message":"[worker-pool] submitWork(triggerId=api)"}}
[debug] [2020-07-03T19:00:49.239Z] [worker-api-ea22493d-abd4-47c3-9954-7151a920e1e3]: Assigning socketPath: \\?\pipe\F:\documents\webscraper\functions\14096 {"metadata":{"emulator":{"name":"functions"},"message":"[worker-api-ea22493d-abd4-47c3-9954-7151a920e1e3]: Assigning socketPath: \\\\?\\pipe\\F:\\documents\\webscraper\\functions\\14096"}}
[debug] [2020-07-03T19:00:49.239Z] [worker-api-ea22493d-abd4-47c3-9954-7151a920e1e3]: BUSY {"metadata":{"emulator":{"name":"functions"},"message":"[worker-api-ea22493d-abd4-47c3-9954-7151a920e1e3]: BUSY"}}
[debug] [2020-07-03T19:00:49.240Z] [runtime-status] [14096] Trigger "api" has been found, beginning invocation! {"metadata":{"emulator":{"name":"functions"},"function":{"name":"api"},"message":"[runtime-status] [14096] Trigger \"api\" has been found, beginning invocation!"}}
[info] i  functions: Beginning execution of "api" {"metadata":{"emulator":{"name":"functions"},"function":{"name":"api"},"message":"Beginning execution of \"api\""}}
[debug] [2020-07-03T19:00:49.243Z] [runtime-status] [14096] triggerDefinition {"httpsTrigger":{},"name":"api","entryPoint":"api"} {"metadata":{"emulator":{"name":"functions"},"function":{"name":"api"},"message":"[runtime-status] [14096] triggerDefinition {\"httpsTrigger\":{},\"name\":\"api\",\"entryPoint\":\"api\"}"}}
[debug] [2020-07-03T19:00:49.243Z] [runtime-status] [14096] Running api in mode HTTPS {"metadata":{"emulator":{"name":"functions"},"function":{"name":"api"},"message":"[runtime-status] [14096] Running api in mode HTTPS"}}
[debug] [2020-07-03T19:00:49.243Z] [runtime-status] [14096] Attempting to listen to socketPath: \\?\pipe\F:\documents\webscraper\functions\14096 {"metadata":{"emulator":{"name":"functions"},"function":{"name":"api"},"message":"[runtime-status] [14096] Attempting to listen to socketPath: \\\\?\\pipe\\F:\\documents\\webscraper\\functions\\14096"}}
[debug] [2020-07-03T19:00:49.244Z] [functions] Runtime ready! Sending request! {"metadata":{"emulator":{"name":"functions"},"message":"[functions] Runtime ready! Sending request!"}}
[debug] [2020-07-03T19:00:49.246Z] [runtime-status] [14096] Ephemeral server handling POST request {"metadata":{"emulator":{"name":"functions"},"function":{"name":"api"},"message":"[runtime-status] [14096] Ephemeral server handling POST request"}}
[debug] [2020-07-03T19:00:49.248Z] [runtime-status] [14096] Ephemeral server survived. {"metadata":{"emulator":{"name":"functions"},"function":{"name":"api"},"message":"[runtime-status] [14096] Ephemeral server survived."}}
[info] i  functions: Finished "api" in ~1s {"metadata":{"emulator":{"name":"functions"},"function":{"name":"api"},"message":"Finished \"api\" in ~1s"}}
[debug] [2020-07-03T19:00:50.165Z] [worker-api-ea22493d-abd4-47c3-9954-7151a920e1e3]: IDLE {"metadata":{"emulator":{"name":"functions"},"message":"[worker-api-ea22493d-abd4-47c3-9954-7151a920e1e3]: IDLE"}}
[debug] [2020-07-03T19:00:50.165Z] [work-queue] {"queueLength":0,"workRunningCount":0}
[debug] [2020-07-03T19:11:32.361Z] [work-queue] {"queueLength":1,"workRunningCount":0}
[debug] [2020-07-03T19:11:32.361Z] [work-queue] {"queueLength":0,"workRunningCount":1}
[debug] [2020-07-03T19:11:32.361Z] Accepted request GET /webscraper-270ff/us-central1/api/user --> api
[debug] [2020-07-03T19:11:32.362Z] [worker-pool] submitWork(triggerId=api) {"metadata":{"emulator":{"name":"functions"},"message":"[worker-pool] submitWork(triggerId=api)"}}
[debug] [2020-07-03T19:11:32.362Z] [worker-api-ea22493d-abd4-47c3-9954-7151a920e1e3]: Assigning socketPath: \\?\pipe\F:\documents\webscraper\functions\14096 {"metadata":{"emulator":{"name":"functions"},"message":"[worker-api-ea22493d-abd4-47c3-9954-7151a920e1e3]: Assigning socketPath: \\\\?\\pipe\\F:\\documents\\webscraper\\functions\\14096"}}
[debug] [2020-07-03T19:11:32.362Z] [worker-api-ea22493d-abd4-47c3-9954-7151a920e1e3]: BUSY {"metadata":{"emulator":{"name":"functions"},"message":"[worker-api-ea22493d-abd4-47c3-9954-7151a920e1e3]: BUSY"}}
[debug] [2020-07-03T19:11:32.363Z] [runtime-status] [14096] Trigger "api" has been found, beginning invocation! {"metadata":{"emulator":{"name":"functions"},"function":{"name":"api"},"message":"[runtime-status] [14096] Trigger \"api\" has been found, beginning invocation!"}}
[info] i  functions: Beginning execution of "api" {"metadata":{"emulator":{"name":"functions"},"function":{"name":"api"},"message":"Beginning execution of \"api\""}}
[debug] [2020-07-03T19:11:32.379Z] [runtime-status] [14096] triggerDefinition {"httpsTrigger":{},"name":"api","entryPoint":"api"} {"metadata":{"emulator":{"name":"functions"},"function":{"name":"api"},"message":"[runtime-status] [14096] triggerDefinition {\"httpsTrigger\":{},\"name\":\"api\",\"entryPoint\":\"api\"}"}}
[debug] [2020-07-03T19:11:32.380Z] [runtime-status] [14096] Running api in mode HTTPS {"metadata":{"emulator":{"name":"functions"},"function":{"name":"api"},"message":"[runtime-status] [14096] Running api in mode HTTPS"}}
[debug] [2020-07-03T19:11:32.380Z] [runtime-status] [14096] Attempting to listen to socketPath: \\?\pipe\F:\documents\webscraper\functions\14096 {"metadata":{"emulator":{"name":"functions"},"function":{"name":"api"},"message":"[runtime-status] [14096] Attempting to listen to socketPath: \\\\?\\pipe\\F:\\documents\\webscraper\\functions\\14096"}}
[debug] [2020-07-03T19:11:32.382Z] [functions] Runtime ready! Sending request! {"metadata":{"emulator":{"name":"functions"},"message":"[functions] Runtime ready! Sending request!"}}
[debug] [2020-07-03T19:11:32.385Z] [runtime-status] [14096] Ephemeral server handling GET request {"metadata":{"emulator":{"name":"functions"},"function":{"name":"api"},"message":"[runtime-status] [14096] Ephemeral server handling GET request"}}
[debug] [2020-07-03T19:11:34.102Z] [runtime-status] [14096] Ephemeral server survived. {"metadata":{"emulator":{"name":"functions"},"function":{"name":"api"},"message":"[runtime-status] [14096] Ephemeral server survived."}}
[info] i  functions: Finished "api" in ~1s {"metadata":{"emulator":{"name":"functions"},"function":{"name":"api"},"message":"Finished \"api\" in ~1s"}}
[debug] [2020-07-03T19:11:34.804Z] [worker-api-ea22493d-abd4-47c3-9954-7151a920e1e3]: IDLE {"metadata":{"emulator":{"name":"functions"},"message":"[worker-api-ea22493d-abd4-47c3-9954-7151a920e1e3]: IDLE"}}
[debug] [2020-07-03T19:11:34.807Z] [work-queue] {"queueLength":0,"workRunningCount":0}
[debug] [2020-07-03T19:11:34.908Z] [work-queue] {"queueLength":1,"workRunningCount":0}
[debug] [2020-07-03T19:11:34.909Z] [work-queue] {"queueLength":0,"workRunningCount":1}
[debug] [2020-07-03T19:11:34.909Z] Accepted request GET /webscraper-270ff/us-central1/api/todos --> api
[debug] [2020-07-03T19:11:34.909Z] [worker-pool] submitWork(triggerId=api) {"metadata":{"emulator":{"name":"functions"},"message":"[worker-pool] submitWork(triggerId=api)"}}
[debug] [2020-07-03T19:11:34.909Z] [worker-api-ea22493d-abd4-47c3-9954-7151a920e1e3]: Assigning socketPath: \\?\pipe\F:\documents\webscraper\functions\14096 {"metadata":{"emulator":{"name":"functions"},"message":"[worker-api-ea22493d-abd4-47c3-9954-7151a920e1e3]: Assigning socketPath: \\\\?\\pipe\\F:\\documents\\webscraper\\functions\\14096"}}
[debug] [2020-07-03T19:11:34.910Z] [worker-api-ea22493d-abd4-47c3-9954-7151a920e1e3]: BUSY {"metadata":{"emulator":{"name":"functions"},"message":"[worker-api-ea22493d-abd4-47c3-9954-7151a920e1e3]: BUSY"}}
[debug] [2020-07-03T19:11:34.911Z] [runtime-status] [14096] Trigger "api" has been found, beginning invocation! {"metadata":{"emulator":{"name":"functions"},"function":{"name":"api"},"message":"[runtime-status] [14096] Trigger \"api\" has been found, beginning invocation!"}}
[info] i  functions: Beginning execution of "api" {"metadata":{"emulator":{"name":"functions"},"function":{"name":"api"},"message":"Beginning execution of \"api\""}}
[debug] [2020-07-03T19:11:34.917Z] [runtime-status] [14096] triggerDefinition {"httpsTrigger":{},"name":"api","entryPoint":"api"} {"metadata":{"emulator":{"name":"functions"},"function":{"name":"api"},"message":"[runtime-status] [14096] triggerDefinition {\"httpsTrigger\":{},\"name\":\"api\",\"entryPoint\":\"api\"}"}}
[debug] [2020-07-03T19:11:34.917Z] [runtime-status] [14096] Running api in mode HTTPS {"metadata":{"emulator":{"name":"functions"},"function":{"name":"api"},"message":"[runtime-status] [14096] Running api in mode HTTPS"}}
[debug] [2020-07-03T19:11:34.918Z] [runtime-status] [14096] Attempting to listen to socketPath: \\?\pipe\F:\documents\webscraper\functions\14096 {"metadata":{"emulator":{"name":"functions"},"function":{"name":"api"},"message":"[runtime-status] [14096] Attempting to listen to socketPath: \\\\?\\pipe\\F:\\documents\\webscraper\\functions\\14096"}}
[debug] [2020-07-03T19:11:34.921Z] [functions] Runtime ready! Sending request! {"metadata":{"emulator":{"name":"functions"},"message":"[functions] Runtime ready! Sending request!"}}
[debug] [2020-07-03T19:11:34.926Z] [runtime-status] [14096] Ephemeral server handling GET request {"metadata":{"emulator":{"name":"functions"},"function":{"name":"api"},"message":"[runtime-status] [14096] Ephemeral server handling GET request"}}
[debug] [2020-07-03T19:11:34.927Z] [runtime-status] [14096] Ephemeral server survived. {"metadata":{"emulator":{"name":"functions"},"function":{"name":"api"},"message":"[runtime-status] [14096] Ephemeral server survived."}}
[info] >  { Error: 9 FAILED_PRECONDITION: The query requires an index. You can create it here: https://console.firebase.google.com/v1/r/project/webscraper-270ff/firestore/indexes?create_composite=Ck5wcm9qZWN0cy93ZWJzY3JhcGVyLTI3MGZmL2RhdGFiYXNlcy8oZGVmYXVsdCkvY29sbGVjdGlvbkdyb3Vwcy90b2Rvcy9pbmRleGVzL18QARoMCgh1c2VybmFtZRABGg0KCWNyZWF0ZWRBdBACGgwKCF9fbmFtZV9fEAI {"user":"{ Error: 9 FAILED_PRECONDITION: The query requires an index. You can create it here: https://console.firebase.google.com/v1/r/project/webscraper-270ff/firestore/indexes?create_composite=Ck5wcm9qZWN0cy93ZWJzY3JhcGVyLTI3MGZmL2RhdGFiYXNlcy8oZGVmYXVsdCkvY29sbGVjdGlvbkdyb3Vwcy90b2Rvcy9pbmRleGVzL18QARoMCgh1c2VybmFtZRABGg0KCWNyZWF0ZWRBdBACGgwKCF9fbmFtZV9fEAI","metadata":{"emulator":{"name":"functions"},"function":{"name":"api"},"message":"\u001b[90m> \u001b[39m { Error: 9 FAILED_PRECONDITION: The query requires an index. You can create it here: https://console.firebase.google.com/v1/r/project/webscraper-270ff/firestore/indexes?create_composite=Ck5wcm9qZWN0cy93ZWJzY3JhcGVyLTI3MGZmL2RhdGFiYXNlcy8oZGVmYXVsdCkvY29sbGVjdGlvbkdyb3Vwcy90b2Rvcy9pbmRleGVzL18QARoMCgh1c2VybmFtZRABGg0KCWNyZWF0ZWRBdBACGgwKCF9fbmFtZV9fEAI"}}
[info] >      at Object.callErrorFromStatus (F:\documents\webscraper\functions\node_modules\@grpc\grpc-js\build\src\call.js:30:26) {"user":"    at Object.callErrorFromStatus (F:\\documents\\webscraper\\functions\\node_modules\\@grpc\\grpc-js\\build\\src\\call.js:30:26)","metadata":{"emulator":{"name":"functions"},"function":{"name":"api"},"message":"\u001b[90m> \u001b[39m     at Object.callErrorFromStatus (F:\\documents\\webscraper\\functions\\node_modules\\@grpc\\grpc-js\\build\\src\\call.js:30:26)"}}
[info] >      at Object.onReceiveStatus (F:\documents\webscraper\functions\node_modules\@grpc\grpc-js\build\src\client.js:328:49) {"user":"    at Object.onReceiveStatus (F:\\documents\\webscraper\\functions\\node_modules\\@grpc\\grpc-js\\build\\src\\client.js:328:49)","metadata":{"emulator":{"name":"functions"},"function":{"name":"api"},"message":"\u001b[90m> \u001b[39m     at Object.onReceiveStatus (F:\\documents\\webscraper\\functions\\node_modules\\@grpc\\grpc-js\\build\\src\\client.js:328:49)"}}
[info] >      at Object.onReceiveStatus (F:\documents\webscraper\functions\node_modules\@grpc\grpc-js\build\src\client-interceptors.js:304:181) {"user":"    at Object.onReceiveStatus (F:\\documents\\webscraper\\functions\\node_modules\\@grpc\\grpc-js\\build\\src\\client-interceptors.js:304:181)","metadata":{"emulator":{"name":"functions"},"function":{"name":"api"},"message":"\u001b[90m> \u001b[39m     at Object.onReceiveStatus (F:\\documents\\webscraper\\functions\\node_modules\\@grpc\\grpc-js\\build\\src\\client-interceptors.js:304:181)"}}
[info] >      at Http2CallStream.outputStatus (F:\documents\webscraper\functions\node_modules\@grpc\grpc-js\build\src\call-stream.js:116:74) {"user":"    at Http2CallStream.outputStatus (F:\\documents\\webscraper\\functions\\node_modules\\@grpc\\grpc-js\\build\\src\\call-stream.js:116:74)","metadata":{"emulator":{"name":"functions"},"function":{"name":"api"},"message":"\u001b[90m> \u001b[39m     at Http2CallStream.outputStatus (F:\\documents\\webscraper\\functions\\node_modules\\@grpc\\grpc-js\\build\\src\\call-stream.js:116:74)"}}
[info] >      at Http2CallStream.maybeOutputStatus (F:\documents\webscraper\functions\node_modules\@grpc\grpc-js\build\src\call-stream.js:155:22) {"user":"    at Http2CallStream.maybeOutputStatus (F:\\documents\\webscraper\\functions\\node_modules\\@grpc\\grpc-js\\build\\src\\call-stream.js:155:22)","metadata":{"emulator":{"name":"functions"},"function":{"name":"api"},"message":"\u001b[90m> \u001b[39m     at Http2CallStream.maybeOutputStatus (F:\\documents\\webscraper\\functions\\node_modules\\@grpc\\grpc-js\\build\\src\\call-stream.js:155:22)"}}
[info] >      at Http2CallStream.endCall (F:\documents\webscraper\functions\node_modules\@grpc\grpc-js\build\src\call-stream.js:141:18) {"user":"    at Http2CallStream.endCall (F:\\documents\\webscraper\\functions\\node_modules\\@grpc\\grpc-js\\build\\src\\call-stream.js:141:18)","metadata":{"emulator":{"name":"functions"},"function":{"name":"api"},"message":"\u001b[90m> \u001b[39m     at Http2CallStream.endCall (F:\\documents\\webscraper\\functions\\node_modules\\@grpc\\grpc-js\\build\\src\\call-stream.js:141:18)"}}
[info] >      at Http2CallStream.handleTrailers (F:\documents\webscraper\functions\node_modules\@grpc\grpc-js\build\src\call-stream.js:273:14) {"user":"    at Http2CallStream.handleTrailers (F:\\documents\\webscraper\\functions\\node_modules\\@grpc\\grpc-js\\build\\src\\call-stream.js:273:14)","metadata":{"emulator":{"name":"functions"},"function":{"name":"api"},"message":"\u001b[90m> \u001b[39m     at Http2CallStream.handleTrailers (F:\\documents\\webscraper\\functions\\node_modules\\@grpc\\grpc-js\\build\\src\\call-stream.js:273:14)"}}
[info] >      at ClientHttp2Stream.emit (events.js:198:13) {"user":"    at ClientHttp2Stream.emit (events.js:198:13)","metadata":{"emulator":{"name":"functions"},"function":{"name":"api"},"message":"\u001b[90m> \u001b[39m     at ClientHttp2Stream.emit (events.js:198:13)"}}
[info] >      at emit (internal/http2/core.js:236:8) {"user":"    at emit (internal/http2/core.js:236:8)","metadata":{"emulator":{"name":"functions"},"function":{"name":"api"},"message":"\u001b[90m> \u001b[39m     at emit (internal/http2/core.js:236:8)"}}
[info] >      at process._tickCallback (internal/process/next_tick.js:63:19) {"user":"    at process._tickCallback (internal/process/next_tick.js:63:19)","metadata":{"emulator":{"name":"functions"},"function":{"name":"api"},"message":"\u001b[90m> \u001b[39m     at process._tickCallback (internal/process/next_tick.js:63:19)"}}
[info] >  Caused by: Error {"user":"Caused by: Error","metadata":{"emulator":{"name":"functions"},"function":{"name":"api"},"message":"\u001b[90m> \u001b[39m Caused by: Error"}}
[info] >      at Query._get (F:\documents\webscraper\functions\node_modules\@google-cloud\firestore\build\src\reference.js:1485:23) {"user":"    at Query._get (F:\\documents\\webscraper\\functions\\node_modules\\@google-cloud\\firestore\\build\\src\\reference.js:1485:23)","metadata":{"emulator":{"name":"functions"},"function":{"name":"api"},"message":"\u001b[90m> \u001b[39m     at Query._get (F:\\documents\\webscraper\\functions\\node_modules\\@google-cloud\\firestore\\build\\src\\reference.js:1485:23)"}}
[info] >      at Query.get (F:\documents\webscraper\functions\node_modules\@google-cloud\firestore\build\src\reference.js:1474:21) {"user":"    at Query.get (F:\\documents\\webscraper\\functions\\node_modules\\@google-cloud\\firestore\\build\\src\\reference.js:1474:21)","metadata":{"emulator":{"name":"functions"},"function":{"name":"api"},"message":"\u001b[90m> \u001b[39m     at Query.get (F:\\documents\\webscraper\\functions\\node_modules\\@google-cloud\\firestore\\build\\src\\reference.js:1474:21)"}}
[info] >      at exports.getAllTodos (F:\documents\webscraper\functions\APIs\todos.js:8:4) {"user":"    at exports.getAllTodos (F:\\documents\\webscraper\\functions\\APIs\\todos.js:8:4)","metadata":{"emulator":{"name":"functions"},"function":{"name":"api"},"message":"\u001b[90m> \u001b[39m     at exports.getAllTodos (F:\\documents\\webscraper\\functions\\APIs\\todos.js:8:4)"}}
[info] >      at Layer.handle [as handle_request] (F:\documents\webscraper\functions\node_modules\express\lib\router\layer.js:95:5) {"user":"    at Layer.handle [as handle_request] (F:\\documents\\webscraper\\functions\\node_modules\\express\\lib\\router\\layer.js:95:5)","metadata":{"emulator":{"name":"functions"},"function":{"name":"api"},"message":"\u001b[90m> \u001b[39m     at Layer.handle [as handle_request] (F:\\documents\\webscraper\\functions\\node_modules\\express\\lib\\router\\layer.js:95:5)"}}
[info] >      at next (F:\documents\webscraper\functions\node_modules\express\lib\router\route.js:137:13) {"user":"    at next (F:\\documents\\webscraper\\functions\\node_modules\\express\\lib\\router\\route.js:137:13)","metadata":{"emulator":{"name":"functions"},"function":{"name":"api"},"message":"\u001b[90m> \u001b[39m     at next (F:\\documents\\webscraper\\functions\\node_modules\\express\\lib\\router\\route.js:137:13)"}}
[info] >      at admin.auth.verifyIdToken.then.then (F:\documents\webscraper\functions\util\auth.js:21:11) {"user":"    at admin.auth.verifyIdToken.then.then (F:\\documents\\webscraper\\functions\\util\\auth.js:21:11)","metadata":{"emulator":{"name":"functions"},"function":{"name":"api"},"message":"\u001b[90m> \u001b[39m     at admin.auth.verifyIdToken.then.then (F:\\documents\\webscraper\\functions\\util\\auth.js:21:11)"}}
[info] >      at process._tickCallback (internal/process/next_tick.js:68:7) {"user":"    at process._tickCallback (internal/process/next_tick.js:68:7)","metadata":{"emulator":{"name":"functions"},"function":{"name":"api"},"message":"\u001b[90m> \u001b[39m     at process._tickCallback (internal/process/next_tick.js:68:7)"}}
[info] >    code: 9, {"user":"  code: 9,","metadata":{"emulator":{"name":"functions"},"function":{"name":"api"},"message":"\u001b[90m> \u001b[39m   code: 9,"}}
[info] >    details: {"user":"  details:","metadata":{"emulator":{"name":"functions"},"function":{"name":"api"},"message":"\u001b[90m> \u001b[39m   details:"}}
[info] >     'The query requires an index. You can create it here: https://console.firebase.google.com/v1/r/project/webscraper-270ff/firestore/indexes?create_composite=Ck5wcm9qZWN0cy93ZWJzY3JhcGVyLTI3MGZmL2RhdGFiYXNlcy8oZGVmYXVsdCkvY29sbGVjdGlvbkdyb3Vwcy90b2Rvcy9pbmRleGVzL18QARoMCgh1c2VybmFtZRABGg0KCWNyZWF0ZWRBdBACGgwKCF9fbmFtZV9fEAI', {"user":"   'The query requires an index. You can create it here: https://console.firebase.google.com/v1/r/project/webscraper-270ff/firestore/indexes?create_composite=Ck5wcm9qZWN0cy93ZWJzY3JhcGVyLTI3MGZmL2RhdGFiYXNlcy8oZGVmYXVsdCkvY29sbGVjdGlvbkdyb3Vwcy90b2Rvcy9pbmRleGVzL18QARoMCgh1c2VybmFtZRABGg0KCWNyZWF0ZWRBdBACGgwKCF9fbmFtZV9fEAI',","metadata":{"emulator":{"name":"functions"},"function":{"name":"api"},"message":"\u001b[90m> \u001b[39m    'The query requires an index. You can create it here: https://console.firebase.google.com/v1/r/project/webscraper-270ff/firestore/indexes?create_composite=Ck5wcm9qZWN0cy93ZWJzY3JhcGVyLTI3MGZmL2RhdGFiYXNlcy8oZGVmYXVsdCkvY29sbGVjdGlvbkdyb3Vwcy90b2Rvcy9pbmRleGVzL18QARoMCgh1c2VybmFtZRABGg0KCWNyZWF0ZWRBdBACGgwKCF9fbmFtZV9fEAI',"}}
[info] >    metadata: Metadata { internalRepr: Map {}, options: {} } } {"user":"  metadata: Metadata { internalRepr: Map {}, options: {} } }","metadata":{"emulator":{"name":"functions"},"function":{"name":"api"},"message":"\u001b[90m> \u001b[39m   metadata: Metadata { internalRepr: Map {}, options: {} } }"}}
[info] i  functions: Finished "api" in ~1s {"metadata":{"emulator":{"name":"functions"},"function":{"name":"api"},"message":"Finished \"api\" in ~1s"}}
[debug] [2020-07-03T19:11:35.284Z] [worker-api-ea22493d-abd4-47c3-9954-7151a920e1e3]: IDLE {"metadata":{"emulator":{"name":"functions"},"message":"[worker-api-ea22493d-abd4-47c3-9954-7151a920e1e3]: IDLE"}}
[debug] [2020-07-03T19:11:35.285Z] [work-queue] {"queueLength":0,"workRunningCount":0}
[debug] [2020-07-03T19:11:42.343Z] [work-queue] {"queueLength":1,"workRunningCount":0}
[debug] [2020-07-03T19:11:42.343Z] [work-queue] {"queueLength":0,"workRunningCount":1}
[debug] [2020-07-03T19:11:42.343Z] Accepted request GET /webscraper-270ff/us-central1/api/user --> api
[debug] [2020-07-03T19:11:42.344Z] [worker-pool] submitWork(triggerId=api) {"metadata":{"emulator":{"name":"functions"},"message":"[worker-pool] submitWork(triggerId=api)"}}
[debug] [2020-07-03T19:11:42.344Z] [worker-api-ea22493d-abd4-47c3-9954-7151a920e1e3]: Assigning socketPath: \\?\pipe\F:\documents\webscraper\functions\14096 {"metadata":{"emulator":{"name":"functions"},"message":"[worker-api-ea22493d-abd4-47c3-9954-7151a920e1e3]: Assigning socketPath: \\\\?\\pipe\\F:\\documents\\webscraper\\functions\\14096"}}
[debug] [2020-07-03T19:11:42.344Z] [worker-api-ea22493d-abd4-47c3-9954-7151a920e1e3]: BUSY {"metadata":{"emulator":{"name":"functions"},"message":"[worker-api-ea22493d-abd4-47c3-9954-7151a920e1e3]: BUSY"}}
[debug] [2020-07-03T19:11:42.345Z] [runtime-status] [14096] Trigger "api" has been found, beginning invocation! {"metadata":{"emulator":{"name":"functions"},"function":{"name":"api"},"message":"[runtime-status] [14096] Trigger \"api\" has been found, beginning invocation!"}}
[info] i  functions: Beginning execution of "api" {"metadata":{"emulator":{"name":"functions"},"function":{"name":"api"},"message":"Beginning execution of \"api\""}}
[debug] [2020-07-03T19:11:42.357Z] [runtime-status] [14096] triggerDefinition {"httpsTrigger":{},"name":"api","entryPoint":"api"} {"metadata":{"emulator":{"name":"functions"},"function":{"name":"api"},"message":"[runtime-status] [14096] triggerDefinition {\"httpsTrigger\":{},\"name\":\"api\",\"entryPoint\":\"api\"}"}}
[debug] [2020-07-03T19:11:42.358Z] [runtime-status] [14096] Running api in mode HTTPS {"metadata":{"emulator":{"name":"functions"},"function":{"name":"api"},"message":"[runtime-status] [14096] Running api in mode HTTPS"}}
[debug] [2020-07-03T19:11:42.358Z] [runtime-status] [14096] Attempting to listen to socketPath: \\?\pipe\F:\documents\webscraper\functions\14096 {"metadata":{"emulator":{"name":"functions"},"function":{"name":"api"},"message":"[runtime-status] [14096] Attempting to listen to socketPath: \\\\?\\pipe\\F:\\documents\\webscraper\\functions\\14096"}}
[debug] [2020-07-03T19:11:42.359Z] [functions] Runtime ready! Sending request! {"metadata":{"emulator":{"name":"functions"},"message":"[functions] Runtime ready! Sending request!"}}
[debug] [2020-07-03T19:11:42.361Z] [runtime-status] [14096] Ephemeral server handling GET request {"metadata":{"emulator":{"name":"functions"},"function":{"name":"api"},"message":"[runtime-status] [14096] Ephemeral server handling GET request"}}
[debug] [2020-07-03T19:11:42.363Z] [runtime-status] [14096] Ephemeral server survived. {"metadata":{"emulator":{"name":"functions"},"function":{"name":"api"},"message":"[runtime-status] [14096] Ephemeral server survived."}}
[info] i  functions: Finished "api" in ~1s {"metadata":{"emulator":{"name":"functions"},"function":{"name":"api"},"message":"Finished \"api\" in ~1s"}}
[debug] [2020-07-03T19:11:42.623Z] [worker-api-ea22493d-abd4-47c3-9954-7151a920e1e3]: IDLE {"metadata":{"emulator":{"name":"functions"},"message":"[worker-api-ea22493d-abd4-47c3-9954-7151a920e1e3]: IDLE"}}
[debug] [2020-07-03T19:11:42.623Z] [work-queue] {"queueLength":0,"workRunningCount":0}
[debug] [2020-07-03T19:49:12.122Z] [work-queue] {"queueLength":1,"workRunningCount":0}
[debug] [2020-07-03T19:49:12.124Z] [work-queue] {"queueLength":0,"workRunningCount":1}
[debug] [2020-07-03T19:49:12.124Z] Accepted request POST /webscraper-270ff/us-central1/api/login --> api
[debug] [2020-07-03T19:49:12.124Z] [worker-pool] submitWork(triggerId=api) {"metadata":{"emulator":{"name":"functions"},"message":"[worker-pool] submitWork(triggerId=api)"}}
[debug] [2020-07-03T19:49:12.125Z] [worker-api-ea22493d-abd4-47c3-9954-7151a920e1e3]: Assigning socketPath: \\?\pipe\F:\documents\webscraper\functions\14096 {"metadata":{"emulator":{"name":"functions"},"message":"[worker-api-ea22493d-abd4-47c3-9954-7151a920e1e3]: Assigning socketPath: \\\\?\\pipe\\F:\\documents\\webscraper\\functions\\14096"}}
[debug] [2020-07-03T19:49:12.125Z] [worker-api-ea22493d-abd4-47c3-9954-7151a920e1e3]: BUSY {"metadata":{"emulator":{"name":"functions"},"message":"[worker-api-ea22493d-abd4-47c3-9954-7151a920e1e3]: BUSY"}}
[debug] [2020-07-03T19:49:12.151Z] [runtime-status] [14096] Trigger "api" has been found, beginning invocation! {"metadata":{"emulator":{"name":"functions"},"function":{"name":"api"},"message":"[runtime-status] [14096] Trigger \"api\" has been found, beginning invocation!"}}
[info] i  functions: Beginning execution of "api" {"metadata":{"emulator":{"name":"functions"},"function":{"name":"api"},"message":"Beginning execution of \"api\""}}
[debug] [2020-07-03T19:49:12.190Z] [runtime-status] [14096] triggerDefinition {"httpsTrigger":{},"name":"api","entryPoint":"api"} {"metadata":{"emulator":{"name":"functions"},"function":{"name":"api"},"message":"[runtime-status] [14096] triggerDefinition {\"httpsTrigger\":{},\"name\":\"api\",\"entryPoint\":\"api\"}"}}
[debug] [2020-07-03T19:49:12.190Z] [runtime-status] [14096] Running api in mode HTTPS {"metadata":{"emulator":{"name":"functions"},"function":{"name":"api"},"message":"[runtime-status] [14096] Running api in mode HTTPS"}}
[debug] [2020-07-03T19:49:12.191Z] [runtime-status] [14096] Attempting to listen to socketPath: \\?\pipe\F:\documents\webscraper\functions\14096 {"metadata":{"emulator":{"name":"functions"},"function":{"name":"api"},"message":"[runtime-status] [14096] Attempting to listen to socketPath: \\\\?\\pipe\\F:\\documents\\webscraper\\functions\\14096"}}
[debug] [2020-07-03T19:49:12.238Z] [functions] Runtime ready! Sending request! {"metadata":{"emulator":{"name":"functions"},"message":"[functions] Runtime ready! Sending request!"}}
[debug] [2020-07-03T19:49:12.283Z] [runtime-status] [14096] Ephemeral server handling POST request {"metadata":{"emulator":{"name":"functions"},"function":{"name":"api"},"message":"[runtime-status] [14096] Ephemeral server handling POST request"}}
[debug] [2020-07-03T19:49:12.283Z] [runtime-status] [14096] Ephemeral server survived. {"metadata":{"emulator":{"name":"functions"},"function":{"name":"api"},"message":"[runtime-status] [14096] Ephemeral server survived."}}
[info] i  functions: Finished "api" in ~1s {"metadata":{"emulator":{"name":"functions"},"function":{"name":"api"},"message":"Finished \"api\" in ~1s"}}
[debug] [2020-07-03T19:49:13.208Z] [worker-api-ea22493d-abd4-47c3-9954-7151a920e1e3]: IDLE {"metadata":{"emulator":{"name":"functions"},"message":"[worker-api-ea22493d-abd4-47c3-9954-7151a920e1e3]: IDLE"}}
[debug] [2020-07-03T19:49:13.208Z] [work-queue] {"queueLength":0,"workRunningCount":0}
[debug] [2020-07-03T19:55:59.009Z] [work-queue] {"queueLength":1,"workRunningCount":0}
[debug] [2020-07-03T19:55:59.011Z] [work-queue] {"queueLength":0,"workRunningCount":1}
[debug] [2020-07-03T19:55:59.012Z] Accepted request GET /webscraper-270ff/us-central1/api/babel/parser/lib/index.js --> api
[debug] [2020-07-03T19:55:59.013Z] [worker-pool] submitWork(triggerId=api) {"metadata":{"emulator":{"name":"functions"},"message":"[worker-pool] submitWork(triggerId=api)"}}
[debug] [2020-07-03T19:55:59.013Z] [worker-api-ea22493d-abd4-47c3-9954-7151a920e1e3]: Assigning socketPath: \\?\pipe\F:\documents\webscraper\functions\14096 {"metadata":{"emulator":{"name":"functions"},"message":"[worker-api-ea22493d-abd4-47c3-9954-7151a920e1e3]: Assigning socketPath: \\\\?\\pipe\\F:\\documents\\webscraper\\functions\\14096"}}
[debug] [2020-07-03T19:55:59.014Z] [worker-api-ea22493d-abd4-47c3-9954-7151a920e1e3]: BUSY {"metadata":{"emulator":{"name":"functions"},"message":"[worker-api-ea22493d-abd4-47c3-9954-7151a920e1e3]: BUSY"}}
[debug] [2020-07-03T19:55:59.032Z] [runtime-status] [14096] Trigger "api" has been found, beginning invocation! {"metadata":{"emulator":{"name":"functions"},"function":{"name":"api"},"message":"[runtime-status] [14096] Trigger \"api\" has been found, beginning invocation!"}}
[info] i  functions: Beginning execution of "api" {"metadata":{"emulator":{"name":"functions"},"function":{"name":"api"},"message":"Beginning execution of \"api\""}}
[debug] [2020-07-03T19:55:59.059Z] [runtime-status] [14096] triggerDefinition {"httpsTrigger":{},"name":"api","entryPoint":"api"} {"metadata":{"emulator":{"name":"functions"},"function":{"name":"api"},"message":"[runtime-status] [14096] triggerDefinition {\"httpsTrigger\":{},\"name\":\"api\",\"entryPoint\":\"api\"}"}}
[debug] [2020-07-03T19:55:59.075Z] [runtime-status] [14096] Running api in mode HTTPS {"metadata":{"emulator":{"name":"functions"},"function":{"name":"api"},"message":"[runtime-status] [14096] Running api in mode HTTPS"}}
[debug] [2020-07-03T19:55:59.079Z] [runtime-status] [14096] Attempting to listen to socketPath: \\?\pipe\F:\documents\webscraper\functions\14096 {"metadata":{"emulator":{"name":"functions"},"function":{"name":"api"},"message":"[runtime-status] [14096] Attempting to listen to socketPath: \\\\?\\pipe\\F:\\documents\\webscraper\\functions\\14096"}}
[debug] [2020-07-03T19:55:59.089Z] [functions] Runtime ready! Sending request! {"metadata":{"emulator":{"name":"functions"},"message":"[functions] Runtime ready! Sending request!"}}
[debug] [2020-07-03T19:55:59.093Z] [runtime-status] [14096] Ephemeral server handling GET request {"metadata":{"emulator":{"name":"functions"},"function":{"name":"api"},"message":"[runtime-status] [14096] Ephemeral server handling GET request"}}
[debug] [2020-07-03T19:55:59.171Z] [runtime-status] [14096] Ephemeral server survived. {"metadata":{"emulator":{"name":"functions"},"function":{"name":"api"},"message":"[runtime-status] [14096] Ephemeral server survived."}}
[info] i  functions: Finished "api" in ~1s {"metadata":{"emulator":{"name":"functions"},"function":{"name":"api"},"message":"Finished \"api\" in ~1s"}}
[debug] [2020-07-03T19:55:59.183Z] [worker-api-ea22493d-abd4-47c3-9954-7151a920e1e3]: IDLE {"metadata":{"emulator":{"name":"functions"},"message":"[worker-api-ea22493d-abd4-47c3-9954-7151a920e1e3]: IDLE"}}
[debug] [2020-07-03T19:55:59.184Z] [work-queue] {"queueLength":0,"workRunningCount":0}
[debug] [2020-07-03T19:59:44.452Z] [work-queue] {"queueLength":1,"workRunningCount":0}
[debug] [2020-07-03T19:59:44.453Z] [work-queue] {"queueLength":0,"workRunningCount":1}
[debug] [2020-07-03T19:59:44.453Z] Accepted request POST /webscraper-270ff/us-central1/api/login --> api
[debug] [2020-07-03T19:59:44.453Z] [worker-pool] submitWork(triggerId=api) {"metadata":{"emulator":{"name":"functions"},"message":"[worker-pool] submitWork(triggerId=api)"}}
[debug] [2020-07-03T19:59:44.463Z] [worker-api-ea22493d-abd4-47c3-9954-7151a920e1e3]: Assigning socketPath: \\?\pipe\F:\documents\webscraper\functions\14096 {"metadata":{"emulator":{"name":"functions"},"message":"[worker-api-ea22493d-abd4-47c3-9954-7151a920e1e3]: Assigning socketPath: \\\\?\\pipe\\F:\\documents\\webscraper\\functions\\14096"}}
[debug] [2020-07-03T19:59:44.463Z] [worker-api-ea22493d-abd4-47c3-9954-7151a920e1e3]: BUSY {"metadata":{"emulator":{"name":"functions"},"message":"[worker-api-ea22493d-abd4-47c3-9954-7151a920e1e3]: BUSY"}}
[debug] [2020-07-03T19:59:44.479Z] [runtime-status] [14096] Trigger "api" has been found, beginning invocation! {"metadata":{"emulator":{"name":"functions"},"function":{"name":"api"},"message":"[runtime-status] [14096] Trigger \"api\" has been found, beginning invocation!"}}
[info] i  functions: Beginning execution of "api" {"metadata":{"emulator":{"name":"functions"},"function":{"name":"api"},"message":"Beginning execution of \"api\""}}
[debug] [2020-07-03T19:59:44.511Z] [runtime-status] [14096] triggerDefinition {"httpsTrigger":{},"name":"api","entryPoint":"api"} {"metadata":{"emulator":{"name":"functions"},"function":{"name":"api"},"message":"[runtime-status] [14096] triggerDefinition {\"httpsTrigger\":{},\"name\":\"api\",\"entryPoint\":\"api\"}"}}
[debug] [2020-07-03T19:59:44.512Z] [runtime-status] [14096] Running api in mode HTTPS {"metadata":{"emulator":{"name":"functions"},"function":{"name":"api"},"message":"[runtime-status] [14096] Running api in mode HTTPS"}}
[debug] [2020-07-03T19:59:44.512Z] [runtime-status] [14096] Attempting to listen to socketPath: \\?\pipe\F:\documents\webscraper\functions\14096 {"metadata":{"emulator":{"name":"functions"},"function":{"name":"api"},"message":"[runtime-status] [14096] Attempting to listen to socketPath: \\\\?\\pipe\\F:\\documents\\webscraper\\functions\\14096"}}
[debug] [2020-07-03T19:59:44.513Z] [functions] Runtime ready! Sending request! {"metadata":{"emulator":{"name":"functions"},"message":"[functions] Runtime ready! Sending request!"}}
[debug] [2020-07-03T19:59:44.517Z] [runtime-status] [14096] Ephemeral server handling POST request {"metadata":{"emulator":{"name":"functions"},"function":{"name":"api"},"message":"[runtime-status] [14096] Ephemeral server handling POST request"}}
[debug] [2020-07-03T19:59:44.518Z] [runtime-status] [14096] Ephemeral server survived. {"metadata":{"emulator":{"name":"functions"},"function":{"name":"api"},"message":"[runtime-status] [14096] Ephemeral server survived."}}
[info] i  functions: Finished "api" in ~1s {"metadata":{"emulator":{"name":"functions"},"function":{"name":"api"},"message":"Finished \"api\" in ~1s"}}
[debug] [2020-07-03T19:59:45.383Z] [worker-api-ea22493d-abd4-47c3-9954-7151a920e1e3]: IDLE {"metadata":{"emulator":{"name":"functions"},"message":"[worker-api-ea22493d-abd4-47c3-9954-7151a920e1e3]: IDLE"}}
[debug] [2020-07-03T19:59:45.384Z] [work-queue] {"queueLength":0,"workRunningCount":0}
[debug] [2020-07-03T20:00:51.672Z] [work-queue] {"queueLength":1,"workRunningCount":0}
[debug] [2020-07-03T20:00:51.673Z] [work-queue] {"queueLength":0,"workRunningCount":1}
[debug] [2020-07-03T20:00:51.673Z] Accepted request POST /webscraper-270ff/us-central1/api/login --> api
[debug] [2020-07-03T20:00:51.673Z] [worker-pool] submitWork(triggerId=api) {"metadata":{"emulator":{"name":"functions"},"message":"[worker-pool] submitWork(triggerId=api)"}}
[debug] [2020-07-03T20:00:51.673Z] [worker-api-ea22493d-abd4-47c3-9954-7151a920e1e3]: Assigning socketPath: \\?\pipe\F:\documents\webscraper\functions\14096 {"metadata":{"emulator":{"name":"functions"},"message":"[worker-api-ea22493d-abd4-47c3-9954-7151a920e1e3]: Assigning socketPath: \\\\?\\pipe\\F:\\documents\\webscraper\\functions\\14096"}}
[debug] [2020-07-03T20:00:51.673Z] [worker-api-ea22493d-abd4-47c3-9954-7151a920e1e3]: BUSY {"metadata":{"emulator":{"name":"functions"},"message":"[worker-api-ea22493d-abd4-47c3-9954-7151a920e1e3]: BUSY"}}
[debug] [2020-07-03T20:00:51.674Z] [runtime-status] [14096] Trigger "api" has been found, beginning invocation! {"metadata":{"emulator":{"name":"functions"},"function":{"name":"api"},"message":"[runtime-status] [14096] Trigger \"api\" has been found, beginning invocation!"}}
[info] i  functions: Beginning execution of "api" {"metadata":{"emulator":{"name":"functions"},"function":{"name":"api"},"message":"Beginning execution of \"api\""}}
[debug] [2020-07-03T20:00:51.682Z] [runtime-status] [14096] triggerDefinition {"httpsTrigger":{},"name":"api","entryPoint":"api"} {"metadata":{"emulator":{"name":"functions"},"function":{"name":"api"},"message":"[runtime-status] [14096] triggerDefinition {\"httpsTrigger\":{},\"name\":\"api\",\"entryPoint\":\"api\"}"}}
[debug] [2020-07-03T20:00:51.682Z] [runtime-status] [14096] Running api in mode HTTPS {"metadata":{"emulator":{"name":"functions"},"function":{"name":"api"},"message":"[runtime-status] [14096] Running api in mode HTTPS"}}
[debug] [2020-07-03T20:00:51.683Z] [runtime-status] [14096] Attempting to listen to socketPath: \\?\pipe\F:\documents\webscraper\functions\14096 {"metadata":{"emulator":{"name":"functions"},"function":{"name":"api"},"message":"[runtime-status] [14096] Attempting to listen to socketPath: \\\\?\\pipe\\F:\\documents\\webscraper\\functions\\14096"}}
[debug] [2020-07-03T20:00:51.684Z] [functions] Runtime ready! Sending request! {"metadata":{"emulator":{"name":"functions"},"message":"[functions] Runtime ready! Sending request!"}}
[debug] [2020-07-03T20:00:51.687Z] [runtime-status] [14096] Ephemeral server handling POST request {"metadata":{"emulator":{"name":"functions"},"function":{"name":"api"},"message":"[runtime-status] [14096] Ephemeral server handling POST request"}}
[debug] [2020-07-03T20:00:51.689Z] [runtime-status] [14096] Ephemeral server survived. {"metadata":{"emulator":{"name":"functions"},"function":{"name":"api"},"message":"[runtime-status] [14096] Ephemeral server survived."}}
[info] i  functions: Finished "api" in ~1s {"metadata":{"emulator":{"name":"functions"},"function":{"name":"api"},"message":"Finished \"api\" in ~1s"}}
[debug] [2020-07-03T20:00:52.842Z] [worker-api-ea22493d-abd4-47c3-9954-7151a920e1e3]: IDLE {"metadata":{"emulator":{"name":"functions"},"message":"[worker-api-ea22493d-abd4-47c3-9954-7151a920e1e3]: IDLE"}}
[debug] [2020-07-03T20:00:52.843Z] [work-queue] {"queueLength":0,"workRunningCount":0}
[debug] [2020-07-03T20:02:27.815Z] [work-queue] {"queueLength":1,"workRunningCount":0}
[debug] [2020-07-03T20:02:27.816Z] [work-queue] {"queueLength":0,"workRunningCount":1}
[debug] [2020-07-03T20:02:27.816Z] Accepted request POST /webscraper-270ff/us-central1/api/login --> api
[debug] [2020-07-03T20:02:27.817Z] [worker-pool] submitWork(triggerId=api) {"metadata":{"emulator":{"name":"functions"},"message":"[worker-pool] submitWork(triggerId=api)"}}
[debug] [2020-07-03T20:02:27.817Z] [worker-api-ea22493d-abd4-47c3-9954-7151a920e1e3]: Assigning socketPath: \\?\pipe\F:\documents\webscraper\functions\14096 {"metadata":{"emulator":{"name":"functions"},"message":"[worker-api-ea22493d-abd4-47c3-9954-7151a920e1e3]: Assigning socketPath: \\\\?\\pipe\\F:\\documents\\webscraper\\functions\\14096"}}
[debug] [2020-07-03T20:02:27.817Z] [worker-api-ea22493d-abd4-47c3-9954-7151a920e1e3]: BUSY {"metadata":{"emulator":{"name":"functions"},"message":"[worker-api-ea22493d-abd4-47c3-9954-7151a920e1e3]: BUSY"}}
[debug] [2020-07-03T20:02:27.818Z] [runtime-status] [14096] Trigger "api" has been found, beginning invocation! {"metadata":{"emulator":{"name":"functions"},"function":{"name":"api"},"message":"[runtime-status] [14096] Trigger \"api\" has been found, beginning invocation!"}}
[info] i  functions: Beginning execution of "api" {"metadata":{"emulator":{"name":"functions"},"function":{"name":"api"},"message":"Beginning execution of \"api\""}}
[debug] [2020-07-03T20:02:27.831Z] [runtime-status] [14096] triggerDefinition {"httpsTrigger":{},"name":"api","entryPoint":"api"} {"metadata":{"emulator":{"name":"functions"},"function":{"name":"api"},"message":"[runtime-status] [14096] triggerDefinition {\"httpsTrigger\":{},\"name\":\"api\",\"entryPoint\":\"api\"}"}}
[debug] [2020-07-03T20:02:27.831Z] [runtime-status] [14096] Running api in mode HTTPS {"metadata":{"emulator":{"name":"functions"},"function":{"name":"api"},"message":"[runtime-status] [14096] Running api in mode HTTPS"}}
[debug] [2020-07-03T20:02:27.832Z] [runtime-status] [14096] Attempting to listen to socketPath: \\?\pipe\F:\documents\webscraper\functions\14096 {"metadata":{"emulator":{"name":"functions"},"function":{"name":"api"},"message":"[runtime-status] [14096] Attempting to listen to socketPath: \\\\?\\pipe\\F:\\documents\\webscraper\\functions\\14096"}}
[debug] [2020-07-03T20:02:27.834Z] [functions] Runtime ready! Sending request! {"metadata":{"emulator":{"name":"functions"},"message":"[functions] Runtime ready! Sending request!"}}
[debug] [2020-07-03T20:02:27.837Z] [runtime-status] [14096] Ephemeral server handling POST request {"metadata":{"emulator":{"name":"functions"},"function":{"name":"api"},"message":"[runtime-status] [14096] Ephemeral server handling POST request"}}
[debug] [2020-07-03T20:02:27.839Z] [runtime-status] [14096] Ephemeral server survived. {"metadata":{"emulator":{"name":"functions"},"function":{"name":"api"},"message":"[runtime-status] [14096] Ephemeral server survived."}}
[info] i  functions: Finished "api" in ~1s {"metadata":{"emulator":{"name":"functions"},"function":{"name":"api"},"message":"Finished \"api\" in ~1s"}}
[debug] [2020-07-03T20:02:29.107Z] [worker-api-ea22493d-abd4-47c3-9954-7151a920e1e3]: IDLE {"metadata":{"emulator":{"name":"functions"},"message":"[worker-api-ea22493d-abd4-47c3-9954-7151a920e1e3]: IDLE"}}
[debug] [2020-07-03T20:02:29.108Z] [work-queue] {"queueLength":0,"workRunningCount":0}
[debug] [2020-07-03T20:05:43.687Z] [work-queue] {"queueLength":1,"workRunningCount":0}
[debug] [2020-07-03T20:05:43.687Z] [work-queue] {"queueLength":0,"workRunningCount":1}
[debug] [2020-07-03T20:05:43.687Z] Accepted request POST /webscraper-270ff/us-central1/api/login --> api
[debug] [2020-07-03T20:05:43.688Z] [worker-pool] submitWork(triggerId=api) {"metadata":{"emulator":{"name":"functions"},"message":"[worker-pool] submitWork(triggerId=api)"}}
[debug] [2020-07-03T20:05:43.688Z] [worker-api-ea22493d-abd4-47c3-9954-7151a920e1e3]: Assigning socketPath: \\?\pipe\F:\documents\webscraper\functions\14096 {"metadata":{"emulator":{"name":"functions"},"message":"[worker-api-ea22493d-abd4-47c3-9954-7151a920e1e3]: Assigning socketPath: \\\\?\\pipe\\F:\\documents\\webscraper\\functions\\14096"}}
[debug] [2020-07-03T20:05:43.688Z] [worker-api-ea22493d-abd4-47c3-9954-7151a920e1e3]: BUSY {"metadata":{"emulator":{"name":"functions"},"message":"[worker-api-ea22493d-abd4-47c3-9954-7151a920e1e3]: BUSY"}}
[debug] [2020-07-03T20:05:43.701Z] [runtime-status] [14096] Trigger "api" has been found, beginning invocation! {"metadata":{"emulator":{"name":"functions"},"function":{"name":"api"},"message":"[runtime-status] [14096] Trigger \"api\" has been found, beginning invocation!"}}
[info] i  functions: Beginning execution of "api" {"metadata":{"emulator":{"name":"functions"},"function":{"name":"api"},"message":"Beginning execution of \"api\""}}
[debug] [2020-07-03T20:05:43.706Z] [runtime-status] [14096] triggerDefinition {"httpsTrigger":{},"name":"api","entryPoint":"api"} {"metadata":{"emulator":{"name":"functions"},"function":{"name":"api"},"message":"[runtime-status] [14096] triggerDefinition {\"httpsTrigger\":{},\"name\":\"api\",\"entryPoint\":\"api\"}"}}
[debug] [2020-07-03T20:05:43.707Z] [runtime-status] [14096] Running api in mode HTTPS {"metadata":{"emulator":{"name":"functions"},"function":{"name":"api"},"message":"[runtime-status] [14096] Running api in mode HTTPS"}}
[debug] [2020-07-03T20:05:43.707Z] [runtime-status] [14096] Attempting to listen to socketPath: \\?\pipe\F:\documents\webscraper\functions\14096 {"metadata":{"emulator":{"name":"functions"},"function":{"name":"api"},"message":"[runtime-status] [14096] Attempting to listen to socketPath: \\\\?\\pipe\\F:\\documents\\webscraper\\functions\\14096"}}
[debug] [2020-07-03T20:05:43.720Z] [functions] Runtime ready! Sending request! {"metadata":{"emulator":{"name":"functions"},"message":"[functions] Runtime ready! Sending request!"}}
[debug] [2020-07-03T20:05:43.723Z] [runtime-status] [14096] Ephemeral server handling POST request {"metadata":{"emulator":{"name":"functions"},"function":{"name":"api"},"message":"[runtime-status] [14096] Ephemeral server handling POST request"}}
[debug] [2020-07-03T20:05:43.725Z] [runtime-status] [14096] Ephemeral server survived. {"metadata":{"emulator":{"name":"functions"},"function":{"name":"api"},"message":"[runtime-status] [14096] Ephemeral server survived."}}
[info] i  functions: Finished "api" in ~1s {"metadata":{"emulator":{"name":"functions"},"function":{"name":"api"},"message":"Finished \"api\" in ~1s"}}
[debug] [2020-07-03T20:05:44.575Z] [worker-api-ea22493d-abd4-47c3-9954-7151a920e1e3]: IDLE {"metadata":{"emulator":{"name":"functions"},"message":"[worker-api-ea22493d-abd4-47c3-9954-7151a920e1e3]: IDLE"}}
[debug] [2020-07-03T20:05:44.576Z] [work-queue] {"queueLength":0,"workRunningCount":0}
